<?xml version="1.0" encoding="utf-8"?><testsuites name="pytest tests"><testsuite name="pytest" errors="0" failures="0" skipped="0" tests="13" time="11.164" timestamp="2026-04-15T06:53:19.383566+00:00" hostname="agent-env-b941aaf2-0a3f-435d-ad98-dd93cc2c781c"><testcase classname="tests.test_simplified_workflow.TestAuthEndpoints" name="test_admin_login" time="0.541" /><testcase classname="tests.test_simplified_workflow.TestAuthEndpoints" name="test_client_login" time="0.357" /><testcase classname="tests.test_simplified_workflow.TestOrderActivationWorkflow" name="test_upload_materials_endpoint" time="0.770" /><testcase classname="tests.test_simplified_workflow.TestOrderActivationWorkflow" name="test_activate_order_without_materials" time="0.976" /><testcase classname="tests.test_simplified_workflow.TestOrderActivationWorkflow" name="test_activate_order_with_valid_data" time="0.905" /><testcase classname="tests.test_simplified_workflow.TestOrderActivationWorkflow" name="test_activate_order_payment_methods" time="1.731" /><testcase classname="tests.test_simplified_workflow.TestInvoiceWorkflow" name="test_send_invoice_by_manager" time="1.375" /><testcase classname="tests.test_simplified_workflow.TestInvoiceWorkflow" name="test_sign_invoice_by_client" time="1.397" /><testcase classname="tests.test_simplified_workflow.TestInvoiceWorkflow" name="test_upload_signed_invoice_pdf" time="1.384" /><testcase classname="tests.test_simplified_workflow.TestProjectStatusFlow" name="test_project_statuses_exist" time="0.000" /><testcase classname="tests.test_simplified_workflow.TestProjectStatusFlow" name="test_existing_project_has_correct_structure" time="0.435" /><testcase classname="tests.test_simplified_workflow.TestQuoteRequestComments" name="test_update_quote_request_comments" time="0.979" /><testcase classname="tests.test_simplified_workflow.TestPaymentSettings" name="test_get_payment_settings" time="0.122" /></testsuite></testsuites>